  theKinect.cpp
C:\Users\YawnFun\Documents\opencv\build\include\opencv2\objdetect\aruco_board.hpp(1,1): warning C4819: The file contains a character that cannot be represented in the current code page (936). Save the file in Unicode format to prevent data loss
C:\Users\YawnFun\Documents\project\Kinect_RGBD\theKinect.cpp(241,51): warning C4244: 'argument': conversion from 'float' to '_Tp', possible loss of data
          with
          [
              _Tp=int
          ]
C:\Users\YawnFun\Documents\project\Kinect_RGBD\theKinect.cpp(241,28): warning C4244: 'argument': conversion from 'float' to '_Tp', possible loss of data
          with
          [
              _Tp=int
          ]
C:\Users\YawnFun\Documents\project\Kinect_RGBD\theKinect.cpp(242,76): warning C4244: 'argument': conversion from 'float' to '_Tp', possible loss of data
          with
          [
              _Tp=int
          ]
C:\Users\YawnFun\Documents\project\Kinect_RGBD\theKinect.cpp(242,53): warning C4244: 'argument': conversion from 'float' to '_Tp', possible loss of data
          with
          [
              _Tp=int
          ]
C:\Users\YawnFun\Documents\project\Kinect_RGBD\theKinect.cpp(242,129): warning C4244: 'argument': conversion from 'float' to '_Tp', possible loss of data
          with
          [
              _Tp=int
          ]
C:\Users\YawnFun\Documents\project\Kinect_RGBD\theKinect.cpp(242,106): warning C4244: 'argument': conversion from 'float' to '_Tp', possible loss of data
          with
          [
              _Tp=int
          ]
C:\Users\YawnFun\Documents\project\Kinect_RGBD\theKinect.cpp(354,26): warning C4244: 'argument': conversion from 'float' to '_Tp', possible loss of data
          with
          [
              _Tp=int
          ]
C:\Users\YawnFun\Documents\project\Kinect_RGBD\theKinect.cpp(354,20): warning C4244: 'argument': conversion from 'float' to '_Tp', possible loss of data
          with
          [
              _Tp=int
          ]
C:\Users\YawnFun\Documents\project\Kinect_RGBD\theKinect.cpp(354,45): warning C4244: 'argument': conversion from 'float' to '_Tp', possible loss of data
          with
          [
              _Tp=int
          ]
C:\Users\YawnFun\Documents\project\Kinect_RGBD\theKinect.cpp(354,39): warning C4244: 'argument': conversion from 'float' to '_Tp', possible loss of data
          with
          [
              _Tp=int
          ]
  Kinect_Camera.vcxproj -> C:\Users\YawnFun\Documents\project\Kinect_RGBD\bin\x64\Debug\Kinect_Camera.exe
